Release 14.7 - xst P.20131013 (lin64)
Copyright (c) 1995-2013 Xilinx, Inc.  All rights reserved.
--> 
Parameter TMPDIR set to xst/projnav.tmp


Total REAL time to Xst completion: 2.00 secs
Total CPU time to Xst completion: 0.18 secs
 
--> 
Parameter xsthdpdir set to xst


Total REAL time to Xst completion: 2.00 secs
Total CPU time to Xst completion: 0.19 secs
 
--> 
Reading design: booth_multiplier.prj

TABLE OF CONTENTS
  1) Synthesis Options Summary
  2) HDL Parsing
  3) HDL Elaboration
  4) HDL Synthesis
       4.1) HDL Synthesis Report
  5) Advanced HDL Synthesis
       5.1) Advanced HDL Synthesis Report
  6) Low Level Synthesis
  7) Partition Report
  8) Design Summary
       8.1) Primitive and Black Box Usage
       8.2) Device utilization summary
       8.3) Partition Resource Summary
       8.4) Timing Report
            8.4.1) Clock Information
            8.4.2) Asynchronous Control Signals Information
            8.4.3) Timing Summary
            8.4.4) Timing Details
            8.4.5) Cross Clock Domains Report


=========================================================================
*                      Synthesis Options Summary                        *
=========================================================================
---- Source Parameters
Input File Name                    : "booth_multiplier.prj"
Ignore Synthesis Constraint File   : NO

---- Target Parameters
Output File Name                   : "booth_multiplier"
Output Format                      : NGC
Target Device                      : xc6slx4-3-tqg144

---- Source Options
Top Module Name                    : booth_multiplier
Automatic FSM Extraction           : YES
FSM Encoding Algorithm             : Auto
Safe Implementation                : No
FSM Style                          : LUT
RAM Extraction                     : Yes
RAM Style                          : Auto
ROM Extraction                     : Yes
Shift Register Extraction          : YES
ROM Style                          : Auto
Resource Sharing                   : YES
Asynchronous To Synchronous        : NO
Shift Register Minimum Size        : 2
Use DSP Block                      : Auto
Automatic Register Balancing       : No

---- Target Options
LUT Combining                      : Auto
Reduce Control Sets                : Auto
Add IO Buffers                     : YES
Global Maximum Fanout              : 100000
Add Generic Clock Buffer(BUFG)     : 16
Register Duplication               : YES
Optimize Instantiated Primitives   : NO
Use Clock Enable                   : Auto
Use Synchronous Set                : Auto
Use Synchronous Reset              : Auto
Pack IO Registers into IOBs        : Auto
Equivalent register Removal        : YES

---- General Options
Optimization Goal                  : Speed
Optimization Effort                : 1
Power Reduction                    : NO
Keep Hierarchy                     : No
Netlist Hierarchy                  : As_Optimized
RTL Output                         : Yes
Global Optimization                : AllClockNets
Read Cores                         : YES
Write Timing Constraints           : NO
Cross Clock Analysis               : NO
Hierarchy Separator                : /
Bus Delimiter                      : <>
Case Specifier                     : Maintain
Slice Utilization Ratio            : 100
BRAM Utilization Ratio             : 100
DSP48 Utilization Ratio            : 100
Auto BRAM Packing                  : NO
Slice Utilization Ratio Delta      : 5

=========================================================================


=========================================================================
*                          HDL Parsing                                  *
=========================================================================
Analyzing Verilog file "/media/shashank/C628A2F428A2E323/Xilinx/Xilinx/Problem5/booth_multiplier.v" into library work
Parsing module <booth_multiplier>.
WARNING:HDLCompiler:751 - "/media/shashank/C628A2F428A2E323/Xilinx/Xilinx/Problem5/booth_multiplier.v" Line 29: Redeclaration of ansi port A is not allowed

=========================================================================
*                            HDL Elaboration                            *
=========================================================================

Elaborating module <booth_multiplier>.

=========================================================================
*                           HDL Synthesis                               *
=========================================================================

Synthesizing Unit <booth_multiplier>.
    Related source file is "/media/shashank/C628A2F428A2E323/Xilinx/Xilinx/Problem5/booth_multiplier.v".
    Found 4-bit subtractor for signal <M1> created at line 43.
    Found 4-bit adder for signal <GND_1_o_M[3]_add_5_OUT> created at line 50.
    Found 4-bit adder for signal <GND_1_o_M[3]_add_11_OUT> created at line 50.
    Found 4-bit adder for signal <GND_1_o_M[3]_add_17_OUT> created at line 50.
    Found 4-bit subtractor for signal <GND_1_o_M[3]_add_8_OUT> created at line 57.
    Found 4-bit subtractor for signal <GND_1_o_M[3]_add_14_OUT> created at line 57.
    Found 4-bit subtractor for signal <GND_1_o_M[3]_add_20_OUT> created at line 57.
    Summary:
	inferred   7 Adder/Subtractor(s).
	inferred  52 Multiplexer(s).
Unit <booth_multiplier> synthesized.

=========================================================================
HDL Synthesis Report

Macro Statistics
# Adders/Subtractors                                   : 7
 4-bit adder                                           : 3
 4-bit subtractor                                      : 4
# Multiplexers                                         : 52
 1-bit 2-to-1 multiplexer                              : 52

=========================================================================

=========================================================================
*                       Advanced HDL Synthesis                          *
=========================================================================


=========================================================================
Advanced HDL Synthesis Report

Macro Statistics
# Adders/Subtractors                                   : 7
 4-bit adder                                           : 3
 4-bit subtractor                                      : 4
# Multiplexers                                         : 52
 1-bit 2-to-1 multiplexer                              : 52

=========================================================================

=========================================================================
*                         Low Level Synthesis                           *
=========================================================================

Optimizing unit <booth_multiplier> ...

Mapping all equations...
Building and optimizing final netlist ...
Found area constraint ratio of 100 (+ 5) on block booth_multiplier, actual ratio is 2.

Final Macro Processing ...

=========================================================================
Final Register Report

Found no macro
=========================================================================

=========================================================================
*                           Partition Report                            *
=========================================================================

Partition Implementation Status
-------------------------------

  No Partitions were found in this design.

-------------------------------

=========================================================================
*                            Design Summary                             *
=========================================================================

Top Level Output File Name         : booth_multiplier.ngc

Primitive and Black Box Usage:
------------------------------
# BELS                             : 35
#      LUT2                        : 2
#      LUT3                        : 2
#      LUT4                        : 7
#      LUT5                        : 7
#      LUT6                        : 12
#      MUXF7                       : 4
#      VCC                         : 1
# IO Buffers                       : 16
#      IBUF                        : 8
#      OBUF                        : 8

Device utilization summary:
---------------------------

Selected Device : 6slx4tqg144-3 


Slice Logic Utilization: 
 Number of Slice LUTs:                   30  out of   2400     1%  
    Number used as Logic:                30  out of   2400     1%  

Slice Logic Distribution: 
 Number of LUT Flip Flop pairs used:     30
   Number with an unused Flip Flop:      30  out of     30   100%  
   Number with an unused LUT:             0  out of     30     0%  
   Number of fully used LUT-FF pairs:     0  out of     30     0%  
   Number of unique control sets:         0

IO Utilization: 
 Number of IOs:                          16
 Number of bonded IOBs:                  16  out of    102    15%  

Specific Feature Utilization:

---------------------------
Partition Resource Summary:
---------------------------

  No Partitions were found in this design.

---------------------------


=========================================================================
Timing Report

NOTE: THESE TIMING NUMBERS ARE ONLY A SYNTHESIS ESTIMATE.
      FOR ACCURATE TIMING INFORMATION PLEASE REFER TO THE TRACE REPORT
      GENERATED AFTER PLACE-and-ROUTE.

Clock Information:
------------------
No clock signals found in this design

Asynchronous Control Signals Information:
----------------------------------------
No asynchronous control signals found in this design

Timing Summary:
---------------
Speed Grade: -3

   Minimum period: No path found
   Minimum input arrival time before clock: No path found
   Maximum output required time after clock: No path found
   Maximum combinational path delay: 8.028ns

Timing Details:
---------------
All values displayed in nanoseconds (ns)

=========================================================================
Timing constraint: Default path analysis
  Total number of paths / destination ports: 164 / 8
-------------------------------------------------------------------------
Delay:               8.028ns (Levels of Logic = 5)
  Source:            M<0> (PAD)
  Destination:       A<3> (PAD)

  Data Path: M<0> to A<3>
                                Gate     Net
    Cell:in->out      fanout   Delay   Delay  Logical Name (Net Name)
    ----------------------------------------  ------------
     IBUF:I->O            20   1.222   1.321  M_0_IBUF (M1<0>)
     LUT4:I1->O            4   0.205   0.912  A<3>21 (A<3>_bdd9)
     LUT6:I3->O            1   0.205   0.808  A<3>7 (A<3>7)
     LUT6:I3->O            1   0.205   0.579  A<3>8 (A_3_OBUF)
     OBUF:I->O                 2.571          A_3_OBUF (A<3>)
    ----------------------------------------
    Total                      8.028ns (4.408ns logic, 3.620ns route)
                                       (54.9% logic, 45.1% route)

=========================================================================

Cross Clock Domains Report:
--------------------------

=========================================================================


Total REAL time to Xst completion: 13.00 secs
Total CPU time to Xst completion: 5.11 secs
 
--> 


Total memory usage is 386632 kilobytes

Number of errors   :    0 (   0 filtered)
Number of warnings :    1 (   0 filtered)
Number of infos    :    0 (   0 filtered)

