--------------------------------------------------------------------------------
Release 14.7 Trace  (lin64)
Copyright (c) 1995-2013 Xilinx, Inc.  All rights reserved.

/media/shashank/C628A2F428A2E323/Xilinx/Xilinx/14.7/ISE_DS/ISE/bin/lin64/unwrapped/trce
-intstyle ise -v 3 -s 3 -n 3 -fastpaths -xml four_by_two_mux.twx
four_by_two_mux.ncd -o four_by_two_mux.twr four_by_two_mux.pcf

Design file:              four_by_two_mux.ncd
Physical constraint file: four_by_two_mux.pcf
Device,package,speed:     xc6slx4,tqg144,C,-3 (PRODUCTION 1.23 2013-10-13)
Report level:             verbose report

Environment Variable      Effect 
--------------------      ------ 
NONE                      No environment variables were set
--------------------------------------------------------------------------------

INFO:Timing:2698 - No timing constraints found, doing default enumeration.
INFO:Timing:3412 - To improve timing, see the Timing Closure User Guide (UG612).
INFO:Timing:2752 - To get complete path coverage, use the unconstrained paths 
   option. All paths that are not constrained will be reported in the 
   unconstrained paths section(s) of the report.
INFO:Timing:3339 - The clock-to-out numbers in this timing report are based on 
   a 50 Ohm transmission line loading model.  For the details of this model, 
   and for more information on accounting for different loading conditions, 
   please see the device datasheet.



Data Sheet report:
-----------------
All values displayed in nanoseconds (ns)

Pad to Pad
---------------+---------------+---------+
Source Pad     |Destination Pad|  Delay  |
---------------+---------------+---------+
data<0>        |out            |    7.222|
data<1>        |out            |    6.970|
data<2>        |out            |    6.854|
data<3>        |out            |    7.128|
select<0>      |out            |    6.846|
select<1>      |out            |    6.989|
---------------+---------------+---------+


Analysis completed Tue Apr 23 01:28:09 2019 
--------------------------------------------------------------------------------

Trace Settings:
-------------------------
Trace Settings 

Peak Memory Usage: 375 MB



