--------------------------------------------------------------------------------
Release 14.7 Trace  (lin64)
Copyright (c) 1995-2013 Xilinx, Inc.  All rights reserved.

/media/shashank/C628A2F428A2E323/Xilinx/Xilinx/14.7/ISE_DS/ISE/bin/lin64/unwrapped/trce
-intstyle ise -v 3 -s 3 -n 3 -fastpaths -xml sixteen_by_four_mux.twx
sixteen_by_four_mux.ncd -o sixteen_by_four_mux.twr sixteen_by_four_mux.pcf

Design file:              sixteen_by_four_mux.ncd
Physical constraint file: sixteen_by_four_mux.pcf
Device,package,speed:     xc6slx4,tqg144,C,-3 (PRODUCTION 1.23 2013-10-13)
Report level:             verbose report

Environment Variable      Effect 
--------------------      ------ 
NONE                      No environment variables were set
--------------------------------------------------------------------------------

INFO:Timing:2698 - No timing constraints found, doing default enumeration.
INFO:Timing:3412 - To improve timing, see the Timing Closure User Guide (UG612).
INFO:Timing:2752 - To get complete path coverage, use the unconstrained paths 
   option. All paths that are not constrained will be reported in the 
   unconstrained paths section(s) of the report.
INFO:Timing:3339 - The clock-to-out numbers in this timing report are based on 
   a 50 Ohm transmission line loading model.  For the details of this model, 
   and for more information on accounting for different loading conditions, 
   please see the device datasheet.



Data Sheet report:
-----------------
All values displayed in nanoseconds (ns)

Pad to Pad
---------------+---------------+---------+
Source Pad     |Destination Pad|  Delay  |
---------------+---------------+---------+
data<0>        |out            |    7.843|
data<1>        |out            |    7.733|
data<2>        |out            |    7.631|
data<3>        |out            |    7.668|
data<4>        |out            |    7.265|
data<5>        |out            |    7.609|
data<6>        |out            |    7.160|
data<7>        |out            |    7.383|
data<8>        |out            |    7.403|
data<9>        |out            |    7.211|
data<10>       |out            |    7.082|
data<11>       |out            |    7.021|
data<12>       |out            |    7.109|
data<13>       |out            |    7.097|
data<14>       |out            |    7.424|
data<15>       |out            |    7.569|
select<0>      |out            |    7.982|
select<1>      |out            |    8.436|
select<2>      |out            |    8.107|
select<3>      |out            |    8.346|
---------------+---------------+---------+


Analysis completed Tue Apr 23 01:53:06 2019 
--------------------------------------------------------------------------------

Trace Settings:
-------------------------
Trace Settings 

Peak Memory Usage: 375 MB



