Command line:
   moore_tb_isim_beh.exe
     -simmode  gui
     -simrunnum  0
     -socket  60825

Tue Apr 23 16:08:52 2019


 Elaboration Time: 0.03 sec

 Current Memory Usage: 246.657 Meg

 Total Signals          : 16
 Total Nets             : 16
 Total Signal Drivers   : 8
 Total Blocks           : 3
 Total Primitive Blocks : 2
 Total Processes        : 14
 Total Traceable Variables  : 23
 Total Scalar Nets and Variables : 105
Total Line Count : 43

 Total Simulation Time: 0.04 sec

 Current Memory Usage: 322.159 Meg

Tue Apr 23 16:09:03 2019

