Release 14.7 - xst P.20131013 (lin64)
Copyright (c) 1995-2013 Xilinx, Inc.  All rights reserved.
--> 
Parameter TMPDIR set to xst/projnav.tmp


Total REAL time to Xst completion: 0.00 secs
Total CPU time to Xst completion: 0.05 secs
 
--> 
Parameter xsthdpdir set to xst


Total REAL time to Xst completion: 0.00 secs
Total CPU time to Xst completion: 0.05 secs
 
--> 
Reading design: moore.prj

TABLE OF CONTENTS
  1) Synthesis Options Summary
  2) HDL Parsing
  3) HDL Elaboration
  4) HDL Synthesis
       4.1) HDL Synthesis Report
  5) Advanced HDL Synthesis
       5.1) Advanced HDL Synthesis Report
  6) Low Level Synthesis
  7) Partition Report
  8) Design Summary
       8.1) Primitive and Black Box Usage
       8.2) Device utilization summary
       8.3) Partition Resource Summary
       8.4) Timing Report
            8.4.1) Clock Information
            8.4.2) Asynchronous Control Signals Information
            8.4.3) Timing Summary
            8.4.4) Timing Details
            8.4.5) Cross Clock Domains Report


=========================================================================
*                      Synthesis Options Summary                        *
=========================================================================
---- Source Parameters
Input File Name                    : "moore.prj"
Ignore Synthesis Constraint File   : NO

---- Target Parameters
Output File Name                   : "moore"
Output Format                      : NGC
Target Device                      : xc6slx4-3-tqg144

---- Source Options
Top Module Name                    : moore
Automatic FSM Extraction           : YES
FSM Encoding Algorithm             : Auto
Safe Implementation                : No
FSM Style                          : LUT
RAM Extraction                     : Yes
RAM Style                          : Auto
ROM Extraction                     : Yes
Shift Register Extraction          : YES
ROM Style                          : Auto
Resource Sharing                   : YES
Asynchronous To Synchronous        : NO
Shift Register Minimum Size        : 2
Use DSP Block                      : Auto
Automatic Register Balancing       : No

---- Target Options
LUT Combining                      : Auto
Reduce Control Sets                : Auto
Add IO Buffers                     : YES
Global Maximum Fanout              : 100000
Add Generic Clock Buffer(BUFG)     : 16
Register Duplication               : YES
Optimize Instantiated Primitives   : NO
Use Clock Enable                   : Auto
Use Synchronous Set                : Auto
Use Synchronous Reset              : Auto
Pack IO Registers into IOBs        : Auto
Equivalent register Removal        : YES

---- General Options
Optimization Goal                  : Speed
Optimization Effort                : 1
Power Reduction                    : NO
Keep Hierarchy                     : No
Netlist Hierarchy                  : As_Optimized
RTL Output                         : Yes
Global Optimization                : AllClockNets
Read Cores                         : YES
Write Timing Constraints           : NO
Cross Clock Analysis               : NO
Hierarchy Separator                : /
Bus Delimiter                      : <>
Case Specifier                     : Maintain
Slice Utilization Ratio            : 100
BRAM Utilization Ratio             : 100
DSP48 Utilization Ratio            : 100
Auto BRAM Packing                  : NO
Slice Utilization Ratio Delta      : 5

=========================================================================


=========================================================================
*                          HDL Parsing                                  *
=========================================================================
Analyzing Verilog file "/media/shashank/C628A2F428A2E323/Xilinx/Xilinx/Problem3b/moore.v" into library work
Parsing module <moore>.

=========================================================================
*                            HDL Elaboration                            *
=========================================================================

Elaborating module <moore>.

=========================================================================
*                           HDL Synthesis                               *
=========================================================================

Synthesizing Unit <moore>.
    Related source file is "/media/shashank/C628A2F428A2E323/Xilinx/Xilinx/Problem3b/moore.v".
    Found 3-bit register for signal <curr_state>.
    Found 8x1-bit Read Only RAM for signal <curr_state[2]_GND_3_o_Mux_7_o>
WARNING:Xst:737 - Found 1-bit latch for signal <next_state<1>>. Latches may be generated from incomplete case or if statements. We do not recommend the use of latches in FPGA/CPLD designs, as they may lead to timing problems.
WARNING:Xst:737 - Found 1-bit latch for signal <next_state<0>>. Latches may be generated from incomplete case or if statements. We do not recommend the use of latches in FPGA/CPLD designs, as they may lead to timing problems.
WARNING:Xst:737 - Found 1-bit latch for signal <next_state<2>>. Latches may be generated from incomplete case or if statements. We do not recommend the use of latches in FPGA/CPLD designs, as they may lead to timing problems.
    Summary:
	inferred   1 RAM(s).
	inferred   3 D-type flip-flop(s).
	inferred   3 Latch(s).
	inferred   6 Multiplexer(s).
Unit <moore> synthesized.

=========================================================================
HDL Synthesis Report

Macro Statistics
# RAMs                                                 : 1
 8x1-bit single-port Read Only RAM                     : 1
# Registers                                            : 1
 3-bit register                                        : 1
# Latches                                              : 3
 1-bit latch                                           : 3
# Multiplexers                                         : 6
 1-bit 2-to-1 multiplexer                              : 6

=========================================================================

=========================================================================
*                       Advanced HDL Synthesis                          *
=========================================================================


Synthesizing (advanced) Unit <moore>.
INFO:Xst:3231 - The small RAM <Mram_curr_state[2]_GND_3_o_Mux_7_o> will be implemented on LUTs in order to maximize performance and save block RAM resources. If you want to force its implementation on block, use option/constraint ram_style.
    -----------------------------------------------------------------------
    | ram_type           | Distributed                         |          |
    -----------------------------------------------------------------------
    | Port A                                                              |
    |     aspect ratio   | 8-word x 1-bit                      |          |
    |     weA            | connected to signal <GND>           | high     |
    |     addrA          | connected to signal <curr_state>    |          |
    |     diA            | connected to signal <GND>           |          |
    |     doA            | connected to internal node          |          |
    -----------------------------------------------------------------------
Unit <moore> synthesized (advanced).

=========================================================================
Advanced HDL Synthesis Report

Macro Statistics
# RAMs                                                 : 1
 8x1-bit single-port distributed Read Only RAM         : 1
# Registers                                            : 3
 Flip-Flops                                            : 3
# Multiplexers                                         : 6
 1-bit 2-to-1 multiplexer                              : 6

=========================================================================

=========================================================================
*                         Low Level Synthesis                           *
=========================================================================

Optimizing unit <moore> ...

Mapping all equations...
Building and optimizing final netlist ...
Found area constraint ratio of 100 (+ 5) on block moore, actual ratio is 0.

Final Macro Processing ...

=========================================================================
Final Register Report

Macro Statistics
# Registers                                            : 3
 Flip-Flops                                            : 3

=========================================================================

=========================================================================
*                           Partition Report                            *
=========================================================================

Partition Implementation Status
-------------------------------

  No Partitions were found in this design.

-------------------------------

=========================================================================
*                            Design Summary                             *
=========================================================================

Top Level Output File Name         : moore.ngc

Primitive and Black Box Usage:
------------------------------
# BELS                             : 5
#      LUT3                        : 2
#      LUT4                        : 3
# FlipFlops/Latches                : 6
#      FD                          : 3
#      LD                          : 3
# Clock Buffers                    : 1
#      BUFGP                       : 1
# IO Buffers                       : 2
#      IBUF                        : 1
#      OBUF                        : 1

Device utilization summary:
---------------------------

Selected Device : 6slx4tqg144-3 


Slice Logic Utilization: 
 Number of Slice Registers:               6  out of   4800     0%  
 Number of Slice LUTs:                    5  out of   2400     0%  
    Number used as Logic:                 5  out of   2400     0%  

Slice Logic Distribution: 
 Number of LUT Flip Flop pairs used:     11
   Number with an unused Flip Flop:       5  out of     11    45%  
   Number with an unused LUT:             6  out of     11    54%  
   Number of fully used LUT-FF pairs:     0  out of     11     0%  
   Number of unique control sets:         2

IO Utilization: 
 Number of IOs:                           3
 Number of bonded IOBs:                   3  out of    102     2%  

Specific Feature Utilization:
 Number of BUFG/BUFGCTRLs:                1  out of     16     6%  

---------------------------
Partition Resource Summary:
---------------------------

  No Partitions were found in this design.

---------------------------


=========================================================================
Timing Report

NOTE: THESE TIMING NUMBERS ARE ONLY A SYNTHESIS ESTIMATE.
      FOR ACCURATE TIMING INFORMATION PLEASE REFER TO THE TRACE REPORT
      GENERATED AFTER PLACE-and-ROUTE.

Clock Information:
------------------
--------------------------------------------------------------------------+------------------------+-------+
Clock Signal                                                              | Clock buffer(FF name)  | Load  |
--------------------------------------------------------------------------+------------------------+-------+
Mram_curr_state[2]_GND_3_o_Mux_7_o(Mram_curr_state[2]_GND_3_o_Mux_7_o11:O)| NONE(*)(next_state_1)  | 3     |
clk                                                                       | BUFGP                  | 3     |
--------------------------------------------------------------------------+------------------------+-------+
(*) This 1 clock signal(s) are generated by combinatorial logic,
and XST is not able to identify which are the primary clock signals.
Please use the CLOCK_SIGNAL constraint to specify the clock signal(s) generated by combinatorial logic.
INFO:Xst:2169 - HDL ADVISOR - Some clock signals were not automatically buffered by XST with BUFG/BUFR resources. Please use the buffer_type constraint in order to insert these buffers to the clock signals to help prevent skew problems.

Asynchronous Control Signals Information:
----------------------------------------
No asynchronous control signals found in this design

Timing Summary:
---------------
Speed Grade: -3

   Minimum period: No path found
   Minimum input arrival time before clock: 2.343ns
   Maximum output required time after clock: 4.745ns
   Maximum combinational path delay: No path found

Timing Details:
---------------
All values displayed in nanoseconds (ns)

=========================================================================
Timing constraint: Default OFFSET IN BEFORE for Clock 'Mram_curr_state[2]_GND_3_o_Mux_7_o'
  Total number of paths / destination ports: 3 / 3
-------------------------------------------------------------------------
Offset:              2.343ns (Levels of Logic = 2)
  Source:            data (PAD)
  Destination:       next_state_1 (LATCH)
  Destination Clock: Mram_curr_state[2]_GND_3_o_Mux_7_o falling

  Data Path: data to next_state_1
                                Gate     Net
    Cell:in->out      fanout   Delay   Delay  Logical Name (Net Name)
    ----------------------------------------  ------------
     IBUF:I->O             3   1.222   0.879  data_IBUF (data_IBUF)
     LUT4:I1->O            1   0.205   0.000  Mmux_curr_state[2]_next_state[2]_wide_mux_4_OUT<1>11 (curr_state[2]_next_state[2]_wide_mux_4_OUT<1>)
     LD:D                      0.037          next_state_1
    ----------------------------------------
    Total                      2.343ns (1.464ns logic, 0.879ns route)
                                       (62.5% logic, 37.5% route)

=========================================================================
Timing constraint: Default OFFSET OUT AFTER for Clock 'clk'
  Total number of paths / destination ports: 3 / 1
-------------------------------------------------------------------------
Offset:              4.745ns (Levels of Logic = 2)
  Source:            curr_state_2 (FF)
  Destination:       out (PAD)
  Source Clock:      clk rising

  Data Path: curr_state_2 to out
                                Gate     Net
    Cell:in->out      fanout   Delay   Delay  Logical Name (Net Name)
    ----------------------------------------  ------------
     FD:C->Q               5   0.447   0.943  curr_state_2 (curr_state_2)
     LUT3:I0->O            1   0.205   0.579  out<2>1 (out_OBUF)
     OBUF:I->O                 2.571          out_OBUF (out)
    ----------------------------------------
    Total                      4.745ns (3.223ns logic, 1.522ns route)
                                       (67.9% logic, 32.1% route)

=========================================================================

Cross Clock Domains Report:
--------------------------

Clock to Setup on destination clock Mram_curr_state[2]_GND_3_o_Mux_7_o
---------------+---------+---------+---------+---------+
               | Src:Rise| Src:Fall| Src:Rise| Src:Fall|
Source Clock   |Dest:Rise|Dest:Rise|Dest:Fall|Dest:Fall|
---------------+---------+---------+---------+---------+
clk            |         |         |    1.649|         |
---------------+---------+---------+---------+---------+

Clock to Setup on destination clock clk
----------------------------------+---------+---------+---------+---------+
                                  | Src:Rise| Src:Fall| Src:Rise| Src:Fall|
Source Clock                      |Dest:Rise|Dest:Rise|Dest:Fall|Dest:Fall|
----------------------------------+---------+---------+---------+---------+
Mram_curr_state[2]_GND_3_o_Mux_7_o|         |    1.179|         |         |
----------------------------------+---------+---------+---------+---------+

=========================================================================


Total REAL time to Xst completion: 5.00 secs
Total CPU time to Xst completion: 4.12 secs
 
--> 


Total memory usage is 394660 kilobytes

Number of errors   :    0 (   0 filtered)
Number of warnings :    3 (   0 filtered)
Number of infos    :    2 (   0 filtered)

